<?xml version="1.0" encoding="UTF-8"?>
<!-- Generated by org.testng.reporters.JUnitReportReporter -->
<testsuite hostname="DESKTOP-93OC1SR" failures="0" tests="1" name="AutomatedTests.TrasnlinkTest" time="20.948" errors="0" timestamp="2021-07-22T19:08:05 GMT-07:00" skipped="0">
  <testcase classname="AutomatedTests.TrasnlinkTest" name="test" time="20.948"/>
  <system-out/>
</testsuite> <!-- AutomatedTests.TrasnlinkTest -->
