<?xml version="1.0" encoding="UTF-8"?>
<!-- Generated by org.testng.reporters.JUnitReportReporter -->
<testsuite hostname="DESKTOP-93OC1SR" failures="0" tests="1" name="AutomatedTests.TrasnlinkTest" time="26.475" errors="0" timestamp="2021-07-23T11:04:37 GMT-07:00" skipped="0">
  <testcase classname="AutomatedTests.TrasnlinkTest" name="translinkTest" time="26.475"/>
  <system-out/>
</testsuite> <!-- AutomatedTests.TrasnlinkTest -->
